<?xml version="1.0" encoding="UTF-8"?>
<!-- Generated by org.testng.reporters.JUnitReportReporter -->
<testsuite hostname="ERSANB" failures="0" tests="5" name="cucumber.sample.runners.MainRunner" time="108.431" errors="0" timestamp="2023-10-09T20:27:33 TRT" skipped="0">
  <testcase classname="cucumber.sample.runners.MainRunner" name="runScenario" time="26.400"/>
  <testcase classname="cucumber.sample.runners.MainRunner" name="runScenario" time="26.644"/>
  <testcase classname="cucumber.sample.runners.MainRunner" name="runScenario" time="14.344"/>
  <testcase classname="cucumber.sample.runners.MainRunner" name="runScenario" time="14.177"/>
  <testcase classname="cucumber.sample.runners.MainRunner" name="runScenario" time="26.866"/>
</testsuite> <!-- cucumber.sample.runners.MainRunner -->
